{"/Users/anisha/Documents/GitHub/anstrilib/index.js": {"path":"/Users/anisha/Documents/GitHub/anstrilib/index.js","statementMap":{"0":{"start":{"line":5,"column":0},"end":{"line":7,"column":2}},"1":{"start":{"line":6,"column":2},"end":{"line":6,"column":55}},"2":{"start":{"line":10,"column":0},"end":{"line":12,"column":2}},"3":{"start":{"line":11,"column":2},"end":{"line":11,"column":28}},"4":{"start":{"line":15,"column":0},"end":{"line":21,"column":2}},"5":{"start":{"line":16,"column":17},"end":{"line":16,"column":19}},"6":{"start":{"line":17,"column":2},"end":{"line":19,"column":5}},"7":{"start":{"line":18,"column":4},"end":{"line":18,"column":35}},"8":{"start":{"line":20,"column":2},"end":{"line":20,"column":26}},"9":{"start":{"line":25,"column":0},"end":{"line":37,"column":2}},"10":{"start":{"line":26,"column":17},"end":{"line":26,"column":19}},"11":{"start":{"line":27,"column":21},"end":{"line":27,"column":95}},"12":{"start":{"line":28,"column":2},"end":{"line":34,"column":5}},"13":{"start":{"line":29,"column":4},"end":{"line":33,"column":5}},"14":{"start":{"line":30,"column":6},"end":{"line":30,"column":37}},"15":{"start":{"line":32,"column":6},"end":{"line":32,"column":24}},"16":{"start":{"line":36,"column":2},"end":{"line":36,"column":39}},"17":{"start":{"line":40,"column":0},"end":{"line":48,"column":2}},"18":{"start":{"line":41,"column":17},"end":{"line":41,"column":19}},"19":{"start":{"line":42,"column":2},"end":{"line":46,"column":5}},"20":{"start":{"line":43,"column":4},"end":{"line":45,"column":5}},"21":{"start":{"line":44,"column":6},"end":{"line":44,"column":31}},"22":{"start":{"line":47,"column":2},"end":{"line":47,"column":26}},"23":{"start":{"line":52,"column":0},"end":{"line":54,"column":2}},"24":{"start":{"line":53,"column":2},"end":{"line":53,"column":69}},"25":{"start":{"line":59,"column":0},"end":{"line":61,"column":2}},"26":{"start":{"line":60,"column":2},"end":{"line":60,"column":69}},"27":{"start":{"line":66,"column":0},"end":{"line":70,"column":2}},"28":{"start":{"line":67,"column":23},"end":{"line":67,"column":76}},"29":{"start":{"line":68,"column":2},"end":{"line":68,"column":50}},"30":{"start":{"line":69,"column":2},"end":{"line":69,"column":31}}},"fnMap":{"0":{"name":"(anonymous_0)","decl":{"start":{"line":5,"column":30},"end":{"line":5,"column":31}},"loc":{"start":{"line":5,"column":42},"end":{"line":7,"column":1}},"line":5},"1":{"name":"(anonymous_1)","decl":{"start":{"line":10,"column":27},"end":{"line":10,"column":28}},"loc":{"start":{"line":10,"column":39},"end":{"line":12,"column":1}},"line":10},"2":{"name":"(anonymous_2)","decl":{"start":{"line":15,"column":35},"end":{"line":15,"column":36}},"loc":{"start":{"line":15,"column":47},"end":{"line":21,"column":1}},"line":15},"3":{"name":"(anonymous_3)","decl":{"start":{"line":17,"column":26},"end":{"line":17,"column":27}},"loc":{"start":{"line":17,"column":36},"end":{"line":19,"column":3}},"line":17},"4":{"name":"(anonymous_4)","decl":{"start":{"line":25,"column":38},"end":{"line":25,"column":39}},"loc":{"start":{"line":25,"column":50},"end":{"line":37,"column":1}},"line":25},"5":{"name":"(anonymous_5)","decl":{"start":{"line":28,"column":26},"end":{"line":28,"column":27}},"loc":{"start":{"line":28,"column":36},"end":{"line":34,"column":3}},"line":28},"6":{"name":"(anonymous_6)","decl":{"start":{"line":40,"column":37},"end":{"line":40,"column":38}},"loc":{"start":{"line":40,"column":49},"end":{"line":48,"column":1}},"line":40},"7":{"name":"(anonymous_7)","decl":{"start":{"line":42,"column":33},"end":{"line":42,"column":34}},"loc":{"start":{"line":42,"column":43},"end":{"line":46,"column":3}},"line":42},"8":{"name":"(anonymous_8)","decl":{"start":{"line":52,"column":29},"end":{"line":52,"column":30}},"loc":{"start":{"line":52,"column":41},"end":{"line":54,"column":1}},"line":52},"9":{"name":"(anonymous_9)","decl":{"start":{"line":59,"column":29},"end":{"line":59,"column":30}},"loc":{"start":{"line":59,"column":41},"end":{"line":61,"column":1}},"line":59},"10":{"name":"(anonymous_10)","decl":{"start":{"line":66,"column":29},"end":{"line":66,"column":30}},"loc":{"start":{"line":66,"column":41},"end":{"line":70,"column":1}},"line":66}},"branchMap":{"0":{"loc":{"start":{"line":29,"column":4},"end":{"line":33,"column":5}},"type":"if","locations":[{"start":{"line":29,"column":4},"end":{"line":33,"column":5}},{"start":{"line":29,"column":4},"end":{"line":33,"column":5}}],"line":29},"1":{"loc":{"start":{"line":43,"column":4},"end":{"line":45,"column":5}},"type":"if","locations":[{"start":{"line":43,"column":4},"end":{"line":45,"column":5}},{"start":{"line":43,"column":4},"end":{"line":45,"column":5}}],"line":43}},"s":{"0":1,"1":26,"2":1,"3":3,"4":1,"5":5,"6":5,"7":14,"8":5,"9":1,"10":3,"11":3,"12":3,"13":12,"14":6,"15":6,"16":3,"17":1,"18":8,"19":8,"20":39,"21":32,"22":8,"23":1,"24":2,"25":1,"26":2,"27":1,"28":2,"29":2,"30":2},"f":{"0":26,"1":3,"2":5,"3":14,"4":3,"5":12,"6":8,"7":39,"8":2,"9":2,"10":2},"b":{"0":[6,6],"1":[32,7]},"_coverageSchema":"43e27e138ebf9cfc5966b082cf9a028302ed4184","hash":"5d780d482a794476445dc32297cd63a3858c450f"}
}
