{"/Users/anisha/Documents/GitHub/anstrilib/index.js": {"path":"/Users/anisha/Documents/GitHub/anstrilib/index.js","statementMap":{"0":{"start":{"line":4,"column":0},"end":{"line":6,"column":2}},"1":{"start":{"line":5,"column":4},"end":{"line":5,"column":56}},"2":{"start":{"line":9,"column":0},"end":{"line":11,"column":1}},"3":{"start":{"line":10,"column":4},"end":{"line":10,"column":29}},"4":{"start":{"line":14,"column":0},"end":{"line":20,"column":1}},"5":{"start":{"line":15,"column":4},"end":{"line":15,"column":15}},"6":{"start":{"line":16,"column":4},"end":{"line":18,"column":7}},"7":{"start":{"line":17,"column":8},"end":{"line":17,"column":38}},"8":{"start":{"line":19,"column":4},"end":{"line":19,"column":27}},"9":{"start":{"line":24,"column":0},"end":{"line":36,"column":1}},"10":{"start":{"line":25,"column":4},"end":{"line":25,"column":15}},"11":{"start":{"line":26,"column":4},"end":{"line":26,"column":91}},"12":{"start":{"line":27,"column":4},"end":{"line":33,"column":7}},"13":{"start":{"line":28,"column":8},"end":{"line":32,"column":9}},"14":{"start":{"line":29,"column":12},"end":{"line":29,"column":42}},"15":{"start":{"line":31,"column":12},"end":{"line":31,"column":29}},"16":{"start":{"line":35,"column":4},"end":{"line":35,"column":40}},"17":{"start":{"line":39,"column":0},"end":{"line":47,"column":1}},"18":{"start":{"line":40,"column":4},"end":{"line":40,"column":15}},"19":{"start":{"line":41,"column":4},"end":{"line":45,"column":7}},"20":{"start":{"line":42,"column":8},"end":{"line":44,"column":9}},"21":{"start":{"line":43,"column":12},"end":{"line":43,"column":36}},"22":{"start":{"line":46,"column":4},"end":{"line":46,"column":27}},"23":{"start":{"line":51,"column":0},"end":{"line":53,"column":1}},"24":{"start":{"line":52,"column":4},"end":{"line":52,"column":70}},"25":{"start":{"line":57,"column":0},"end":{"line":59,"column":1}},"26":{"start":{"line":58,"column":4},"end":{"line":58,"column":70}},"27":{"start":{"line":64,"column":0},"end":{"line":68,"column":1}},"28":{"start":{"line":65,"column":23},"end":{"line":65,"column":76}},"29":{"start":{"line":66,"column":4},"end":{"line":66,"column":52}},"30":{"start":{"line":67,"column":4},"end":{"line":67,"column":32}}},"fnMap":{"0":{"name":"(anonymous_0)","decl":{"start":{"line":4,"column":30},"end":{"line":4,"column":31}},"loc":{"start":{"line":4,"column":41},"end":{"line":6,"column":2}},"line":4},"1":{"name":"(anonymous_1)","decl":{"start":{"line":9,"column":27},"end":{"line":9,"column":28}},"loc":{"start":{"line":9,"column":38},"end":{"line":11,"column":1}},"line":9},"2":{"name":"(anonymous_2)","decl":{"start":{"line":14,"column":35},"end":{"line":14,"column":36}},"loc":{"start":{"line":14,"column":46},"end":{"line":20,"column":1}},"line":14},"3":{"name":"(anonymous_3)","decl":{"start":{"line":16,"column":28},"end":{"line":16,"column":29}},"loc":{"start":{"line":16,"column":36},"end":{"line":18,"column":5}},"line":16},"4":{"name":"(anonymous_4)","decl":{"start":{"line":24,"column":38},"end":{"line":24,"column":39}},"loc":{"start":{"line":24,"column":49},"end":{"line":36,"column":1}},"line":24},"5":{"name":"(anonymous_5)","decl":{"start":{"line":27,"column":28},"end":{"line":27,"column":29}},"loc":{"start":{"line":27,"column":36},"end":{"line":33,"column":5}},"line":27},"6":{"name":"(anonymous_6)","decl":{"start":{"line":39,"column":37},"end":{"line":39,"column":38}},"loc":{"start":{"line":39,"column":48},"end":{"line":47,"column":1}},"line":39},"7":{"name":"(anonymous_7)","decl":{"start":{"line":41,"column":35},"end":{"line":41,"column":36}},"loc":{"start":{"line":41,"column":43},"end":{"line":45,"column":5}},"line":41},"8":{"name":"(anonymous_8)","decl":{"start":{"line":51,"column":29},"end":{"line":51,"column":30}},"loc":{"start":{"line":51,"column":40},"end":{"line":53,"column":1}},"line":51},"9":{"name":"(anonymous_9)","decl":{"start":{"line":57,"column":29},"end":{"line":57,"column":30}},"loc":{"start":{"line":57,"column":40},"end":{"line":59,"column":1}},"line":57},"10":{"name":"(anonymous_10)","decl":{"start":{"line":64,"column":29},"end":{"line":64,"column":30}},"loc":{"start":{"line":64,"column":40},"end":{"line":68,"column":1}},"line":64}},"branchMap":{"0":{"loc":{"start":{"line":28,"column":8},"end":{"line":32,"column":9}},"type":"if","locations":[{"start":{"line":28,"column":8},"end":{"line":32,"column":9}},{"start":{"line":28,"column":8},"end":{"line":32,"column":9}}],"line":28},"1":{"loc":{"start":{"line":42,"column":8},"end":{"line":44,"column":9}},"type":"if","locations":[{"start":{"line":42,"column":8},"end":{"line":44,"column":9}},{"start":{"line":42,"column":8},"end":{"line":44,"column":9}}],"line":42}},"s":{"0":1,"1":26,"2":1,"3":3,"4":1,"5":5,"6":5,"7":14,"8":5,"9":1,"10":3,"11":3,"12":3,"13":12,"14":6,"15":6,"16":3,"17":1,"18":8,"19":8,"20":39,"21":32,"22":8,"23":1,"24":2,"25":1,"26":2,"27":1,"28":2,"29":2,"30":2},"f":{"0":26,"1":3,"2":5,"3":14,"4":3,"5":12,"6":8,"7":39,"8":2,"9":2,"10":2},"b":{"0":[6,6],"1":[32,7]},"_coverageSchema":"43e27e138ebf9cfc5966b082cf9a028302ed4184","hash":"f7fed5b6fa8c504b04473ad55c498a5f201f7622"}
}
