TN:
SF:/Users/anisha/Documents/GitHub/anstrilib/index.js
FN:5,(anonymous_0)
FN:10,(anonymous_1)
FN:15,(anonymous_2)
FN:17,(anonymous_3)
FN:25,(anonymous_4)
FN:28,(anonymous_5)
FN:40,(anonymous_6)
FN:42,(anonymous_7)
FN:52,(anonymous_8)
FN:59,(anonymous_9)
FN:66,(anonymous_10)
FNF:11
FNH:11
FNDA:26,(anonymous_0)
FNDA:3,(anonymous_1)
FNDA:5,(anonymous_2)
FNDA:14,(anonymous_3)
FNDA:3,(anonymous_4)
FNDA:12,(anonymous_5)
FNDA:8,(anonymous_6)
FNDA:39,(anonymous_7)
FNDA:2,(anonymous_8)
FNDA:2,(anonymous_9)
FNDA:2,(anonymous_10)
DA:5,1
DA:6,26
DA:10,1
DA:11,3
DA:15,1
DA:16,5
DA:17,5
DA:18,14
DA:20,5
DA:25,1
DA:26,3
DA:27,3
DA:28,3
DA:29,12
DA:30,6
DA:32,6
DA:36,3
DA:40,1
DA:41,8
DA:42,8
DA:43,39
DA:44,32
DA:47,8
DA:52,1
DA:53,2
DA:59,1
DA:60,2
DA:66,1
DA:67,2
DA:68,2
DA:69,2
LF:31
LH:31
BRDA:29,0,0,6
BRDA:29,0,1,6
BRDA:43,1,0,32
BRDA:43,1,1,7
BRF:4
BRH:4
end_of_record
