TN:
SF:/Users/anisha/Documents/GitHub/anstrilib/index.js
FN:4,(anonymous_0)
FN:9,(anonymous_1)
FN:14,(anonymous_2)
FN:16,(anonymous_3)
FN:24,(anonymous_4)
FN:27,(anonymous_5)
FN:39,(anonymous_6)
FN:41,(anonymous_7)
FN:51,(anonymous_8)
FN:57,(anonymous_9)
FN:64,(anonymous_10)
FNF:11
FNH:11
FNDA:26,(anonymous_0)
FNDA:3,(anonymous_1)
FNDA:5,(anonymous_2)
FNDA:14,(anonymous_3)
FNDA:3,(anonymous_4)
FNDA:12,(anonymous_5)
FNDA:8,(anonymous_6)
FNDA:39,(anonymous_7)
FNDA:2,(anonymous_8)
FNDA:2,(anonymous_9)
FNDA:2,(anonymous_10)
DA:4,1
DA:5,26
DA:9,1
DA:10,3
DA:14,1
DA:15,5
DA:16,5
DA:17,14
DA:19,5
DA:24,1
DA:25,3
DA:26,3
DA:27,3
DA:28,12
DA:29,6
DA:31,6
DA:35,3
DA:39,1
DA:40,8
DA:41,8
DA:42,39
DA:43,32
DA:46,8
DA:51,1
DA:52,2
DA:57,1
DA:58,2
DA:64,1
DA:65,2
DA:66,2
DA:67,2
LF:31
LH:31
BRDA:28,0,0,6
BRDA:28,0,1,6
BRDA:42,1,0,32
BRDA:42,1,1,7
BRF:4
BRH:4
end_of_record
